<?xml version="1.0" encoding="UTF-8"?>
<beans xmlns="http://www.springframework.org/schema/beans" xmlns:xsi="http://www.w3.org/2001/XMLSchema-instance"
        xmlns:p="http://www.springframework.org/schema/p"
        xmlns:context="http://www.springframework.org/schema/context"
        xmlns:jdbc="http://www.springframework.org/schema/jdbc"
        xmlns:tx="http://www.springframework.org/schema/tx"
        xsi:schemaLocation="
            http://www.springframework.org/schema/beans http://www.springframework.org/schema/beans/spring-beans.xsd
            http://www.springframework.org/schema/context http://www.springframework.org/schema/context/spring-context.xsd
            http://www.springframework.org/schema/jdbc http://www.springframework.org/schema/jdbc/spring-jdbc.xsd
            http://www.springframework.org/schema/tx http://www.springframework.org/schema/tx/spring-tx.xsd">
    <context:property-placeholder location="classpath:jdbc.properties"/>
    <context:annotation-config/>
    <tx:annotation-driven/>
    <!--
    <bean id="dataSource" class="org.apache.commons.dbcp.BasicDataSource" destroy-method="close"
            p:driverClassName="com.mysql.jdbc.Driver" p:url="jdbc:mysql://localhost:3306/mybudget"
            p:username="root" p:password="las6r"/>
    <bean id="sessionFactory"
        class="org.springframework.orm.hibernate3.LocalSessionFactoryBean">
        <property name="dataSource" ref="dataSource" />
        <property name="configLocation">
            <value>classpath:hibernate.cfg.xml</value>
        </property>
        <property name="configurationClass">
            <value>org.hibernate.cfg.AnnotationConfiguration</value>
        </property>
        <property name="hibernateProperties">
            <props>
                <prop key="hibernate.dialect">${jdbc.dialect}</prop>
                <prop key="hibernate.show_sql">true</prop>
            </props>
        </property>
    </bean>
    -->
   <!--
    <bean id="transactionManager" class="org.springframework.orm.jpa.JpaTransactionManager">
    <property name="entityManagerFactory" ref="entityManagerFactory"/>
    </bean>

    <bean id="entityManagerFactory" class="org.springframework.orm.jpa.LocalContainerEntityManagerFactoryBean"> 
        <property name="persistenceUnitName" value="testingSetup">  
    </property></bean>
    -->
    
    <bean id="sessionFactory" class="org.springframework.orm.hibernate3.LocalSessionFactoryBean">    
        <property name="hibernateProperties">
            <props>
                <prop key="hibernate.archive.autodetection">class,hbm</prop>  
                <prop key="hibernate.dialect" >org.hibernate.dialect.HSQLDialect </prop>
                <prop key="hibernate.show_sql" >true</prop>
                <prop key="hibernate.connection.driver_class">org.hsqldb.jdbcDriver</prop>
                <prop key="hibernate.connection.username">sa</prop>
                <prop key="hibernate.connection.password"></prop>
                <prop key="hibernate.connection.url">jdbc:hsqldb:mem:butterfly</prop>
                <prop key="hibernate.hbm2ddl.auto">create</prop>
            </props>
        </property>
    </bean>

    <!--<bean id="transactionManager" class="org.springframework.orm.hibernate3.HibernateTransactionManager">
        <property name="sessionFactory" ref="sessionFactory" />
    </bean>  --> 
    
    <bean id="expenseDao" class="com.au.springjtableintegration.dataaccess.dao.ExpenseDaoImpl">
        <property name="sessionFactory" value="sessionFactory"/>
    </bean>
    <bean id="expenseService" class="com.au.springjtableintegration.business.service.ExpenseServiceImpl">
        <constructor-arg name="expenseDao" value="expenseDao"/>
    </bean>
 
</beans>